<?xml version="1.0" encoding="utf-8"?><testsuites name="pytest tests"><testsuite name="pytest" errors="0" failures="0" skipped="0" tests="10" time="1.968" timestamp="2025-09-27T08:45:39.880666+10:00" hostname="LuxOptica"><testcase classname="tests.test_config.TestOParlConfig" name="test_default_config" time="0.003" /><testcase classname="tests.test_config.TestOParlConfig" name="test_custom_config" time="0.002" /><testcase classname="tests.test_config.TestOParlConfig" name="test_env_prefix" time="0.003" /><testcase classname="tests.test_config.TestOParlConfig" name="test_env_file_loading" time="0.002" /><testcase classname="tests.test_server.TestOParlMCPServer" name="test_server_initialization" time="0.057" /><testcase classname="tests.test_server.TestOParlMCPServer" name="test_server_initialization_with_custom_config" time="0.009" /><testcase classname="tests.test_server.TestOParlMCPServer" name="test_get_server_info" time="0.017" /><testcase classname="tests.test_server.TestOParlMCPServer" name="test_load_openapi_spec_file_not_found" time="0.003" /><testcase classname="tests.test_server.TestOParlMCPServer" name="test_create_route_maps" time="0.008" /><testcase classname="tests.test_server.TestOParlMCPServer" name="test_run_without_initialization" time="0.002" /></testsuite></testsuites>
